<?xml version="1.0" encoding="UTF-8"?>
<testng-results skipped="0" failed="2" total="7" passed="5">
  <reporter-output>
    <line>
      <![CDATA[<br>Entrado a mejorenvo.com]]>
    </line>
    <line>
      <![CDATA[<br>Entrado a la primera serie de television del home.]]>
    </line>
    <line>
      <![CDATA[<br>Empezando a contar...]]>
    </line>
    <line>
      <![CDATA[<br>La cantidad de comentarios son: 25.]]>
    </line>
    <line>
      <![CDATA[<br>Entrado a mejorenvo.com]]>
    </line>
    <line>
      <![CDATA[<br>Buscando fechas...]]>
    </line>
    <line>
      <![CDATA[<br>Cantidad Items20]]>
    </line>
    <line>
      <![CDATA[<br>Entrado a mejorenvo.com]]>
    </line>
    <line>
      <![CDATA[<br>Buscando fechas...]]>
    </line>
    <line>
      <![CDATA[<br>Tamaño items peliculas -->10]]>
    </line>
    <line>
      <![CDATA[<br>Verificando orden...]]>
    </line>
    <line>
      <![CDATA[<br>Entrado a mejorenvo.com]]>
    </line>
    <line>
      <![CDATA[<br>Entrado a la primera pelicula del home.]]>
    </line>
    <line>
      <![CDATA[<br>Entrado a la seccion resgistrar.]]>
    </line>
    <line>
      <![CDATA[<br>Completando datos del formulario.]]>
    </line>
    <line>
      <![CDATA[<br>Enviando el formulario para verificar la creacion de la cuenta.]]>
    </line>
    <line>
      <![CDATA[<br>Buscando el texto que nos informa que todo salio bien.]]>
    </line>
    <line>
      <![CDATA[<br>Entrado a mejorenvo.com]]>
    </line>
    <line>
      <![CDATA[<br>Entrado a la primera pelicula del home.]]>
    </line>
    <line>
      <![CDATA[<br>Entrado a la seccion resgistrar.]]>
    </line>
    <line>
      <![CDATA[<br>Completando solo un campo del formulario.]]>
    </line>
    <line>
      <![CDATA[<br>Enviando el formulario para verificar la creacion de la cuenta.]]>
    </line>
    <line>
      <![CDATA[<br>Alert was present]]>
    </line>
    <line>
      <![CDATA[<br>ALERT:La contraseña no puede ser vacia.
El nombre no puede ser vacio.
El apellido no puede ser vacio.
Elija un país.
]]>
    </line>
    <line>
      <![CDATA[<br>Entrado a mejorenvo.com]]>
    </line>
    <line>
      <![CDATA[<br>Buscando una palabra en el buscador.]]>
    </line>
    <line>
      <![CDATA[<br>Buscando cantidad resultados.]]>
    </line>
    <line>
      <![CDATA[<br>La Cantidad de Resultados encontrados: 4]]>
    </line>
    <line>
      <![CDATA[<br>Entrado a mejorenvo.com]]>
    </line>
    <line>
      <![CDATA[<br>Validando pagina por su titulo ...]]>
    </line>
  </reporter-output>
  <suite name="Default suite" duration-ms="231343" started-at="2015-05-06T12:41:00Z" finished-at="2015-05-06T12:44:52Z">
    <groups>
    </groups>
    <test name="Default test" duration-ms="231343" started-at="2015-05-06T12:41:00Z" finished-at="2015-05-06T12:44:52Z">
      <class name="federico_bechini.training.globant.com.tests.Tests">
        <test-method status="PASS" signature="before()[pri:0, instance:federico_bechini.training.globant.com.tests.Tests@ea4a92b]" name="before" is-config="true" duration-ms="7081" started-at="2015-05-06T09:41:00Z" finished-at="2015-05-06T09:41:07Z">
          <reporter-output>
          </reporter-output>
        </test-method> <!-- before -->
        <test-method status="PASS" signature="counterComments()[pri:0, instance:federico_bechini.training.globant.com.tests.Tests@ea4a92b]" name="counterComments" duration-ms="30640" started-at="2015-05-06T09:41:07Z" description="Test: Contar cantidad de post en la primera serie del home." finished-at="2015-05-06T09:41:38Z">
          <reporter-output>
            <line>
              <![CDATA[<br>Entrado a mejorenvo.com]]>
            </line>
            <line>
              <![CDATA[<br>Entrado a la primera serie de television del home.]]>
            </line>
            <line>
              <![CDATA[<br>Empezando a contar...]]>
            </line>
            <line>
              <![CDATA[<br>La cantidad de comentarios son: 25.]]>
            </line>
          </reporter-output>
        </test-method> <!-- counterComments -->
        <test-method status="PASS" signature="after()[pri:0, instance:federico_bechini.training.globant.com.tests.Tests@ea4a92b]" name="after" is-config="true" duration-ms="666" started-at="2015-05-06T09:41:38Z" finished-at="2015-05-06T09:41:39Z">
          <reporter-output>
          </reporter-output>
        </test-method> <!-- after -->
        <test-method status="PASS" signature="before()[pri:0, instance:federico_bechini.training.globant.com.tests.Tests@ea4a92b]" name="before" is-config="true" duration-ms="5805" started-at="2015-05-06T09:41:39Z" finished-at="2015-05-06T09:41:45Z">
          <reporter-output>
          </reporter-output>
        </test-method> <!-- before -->
        <test-method status="FAIL" signature="daylePostVerification()[pri:0, instance:federico_bechini.training.globant.com.tests.Tests@ea4a92b]" name="daylePostVerification" duration-ms="10305" started-at="2015-05-06T09:41:45Z" description="Test: Determinar si hay publicaciones diarias." finished-at="2015-05-06T09:41:55Z">
          <exception class="java.lang.AssertionError">
            <message>
              <![CDATA[ERROR: No contiene la fecha del dia de hoy. No Actualiza Periodicamente expected [false] but found [true]]]>
            </message>
            <full-stacktrace>
              <![CDATA[java.lang.AssertionError: ERROR: No contiene la fecha del dia de hoy. No Actualiza Periodicamente expected [false] but found [true]
	at org.testng.Assert.fail(Assert.java:94)
	at org.testng.Assert.failNotEquals(Assert.java:494)
	at org.testng.Assert.assertFalse(Assert.java:63)
	at federico_bechini.training.globant.com.tests.Tests.daylePostVerification(Tests.java:343)
	at sun.reflect.NativeMethodAccessorImpl.invoke0(Native Method)
	at sun.reflect.NativeMethodAccessorImpl.invoke(Unknown Source)
	at sun.reflect.DelegatingMethodAccessorImpl.invoke(Unknown Source)
	at java.lang.reflect.Method.invoke(Unknown Source)
	at org.testng.internal.MethodInvocationHelper.invokeMethod(MethodInvocationHelper.java:84)
	at org.testng.internal.Invoker.invokeMethod(Invoker.java:714)
	at org.testng.internal.Invoker.invokeTestMethod(Invoker.java:901)
	at org.testng.internal.Invoker.invokeTestMethods(Invoker.java:1231)
	at org.testng.internal.TestMethodWorker.invokeTestMethods(TestMethodWorker.java:127)
	at org.testng.internal.TestMethodWorker.run(TestMethodWorker.java:111)
	at org.testng.TestRunner.privateRun(TestRunner.java:767)
	at org.testng.TestRunner.run(TestRunner.java:617)
	at org.testng.SuiteRunner.runTest(SuiteRunner.java:334)
	at org.testng.SuiteRunner.runSequentially(SuiteRunner.java:329)
	at org.testng.SuiteRunner.privateRun(SuiteRunner.java:291)
	at org.testng.SuiteRunner.run(SuiteRunner.java:240)
	at org.testng.SuiteRunnerWorker.runSuite(SuiteRunnerWorker.java:52)
	at org.testng.SuiteRunnerWorker.run(SuiteRunnerWorker.java:86)
	at org.testng.TestNG.runSuitesSequentially(TestNG.java:1224)
	at org.testng.TestNG.runSuitesLocally(TestNG.java:1149)
	at org.testng.TestNG.run(TestNG.java:1057)
	at org.testng.remote.RemoteTestNG.run(RemoteTestNG.java:111)
	at org.testng.remote.RemoteTestNG.initAndRun(RemoteTestNG.java:204)
	at org.testng.remote.RemoteTestNG.main(RemoteTestNG.java:175)
]]>
            </full-stacktrace>
          </exception> <!-- java.lang.AssertionError -->
          <reporter-output>
            <line>
              <![CDATA[<br>Entrado a mejorenvo.com]]>
            </line>
            <line>
              <![CDATA[<br>Buscando fechas...]]>
            </line>
            <line>
              <![CDATA[<br>Cantidad Items20]]>
            </line>
          </reporter-output>
        </test-method> <!-- daylePostVerification -->
        <test-method status="PASS" signature="after()[pri:0, instance:federico_bechini.training.globant.com.tests.Tests@ea4a92b]" name="after" is-config="true" duration-ms="313" started-at="2015-05-06T09:41:55Z" finished-at="2015-05-06T09:41:55Z">
          <reporter-output>
          </reporter-output>
        </test-method> <!-- after -->
        <test-method status="PASS" signature="before()[pri:0, instance:federico_bechini.training.globant.com.tests.Tests@ea4a92b]" name="before" is-config="true" duration-ms="6142" started-at="2015-05-06T09:41:55Z" finished-at="2015-05-06T09:42:01Z">
          <reporter-output>
          </reporter-output>
        </test-method> <!-- before -->
        <test-method status="PASS" signature="moviesByDate()[pri:0, instance:federico_bechini.training.globant.com.tests.Tests@ea4a92b]" name="moviesByDate" duration-ms="13057" started-at="2015-05-06T09:42:01Z" description="Test: Verificar que peliculas estan ordenadas por fecha decreciente." finished-at="2015-05-06T09:42:14Z">
          <reporter-output>
            <line>
              <![CDATA[<br>Entrado a mejorenvo.com]]>
            </line>
            <line>
              <![CDATA[<br>Buscando fechas...]]>
            </line>
            <line>
              <![CDATA[<br>Tamaño items peliculas -->10]]>
            </line>
            <line>
              <![CDATA[<br>Verificando orden...]]>
            </line>
          </reporter-output>
        </test-method> <!-- moviesByDate -->
        <test-method status="PASS" signature="after()[pri:0, instance:federico_bechini.training.globant.com.tests.Tests@ea4a92b]" name="after" is-config="true" duration-ms="297" started-at="2015-05-06T09:42:14Z" finished-at="2015-05-06T09:42:15Z">
          <reporter-output>
          </reporter-output>
        </test-method> <!-- after -->
        <test-method status="PASS" signature="before()[pri:0, instance:federico_bechini.training.globant.com.tests.Tests@ea4a92b]" name="before" is-config="true" duration-ms="5961" started-at="2015-05-06T09:42:15Z" finished-at="2015-05-06T09:42:21Z">
          <reporter-output>
          </reporter-output>
        </test-method> <!-- before -->
        <test-method status="FAIL" signature="registrationAccepted()[pri:0, instance:federico_bechini.training.globant.com.tests.Tests@ea4a92b]" name="registrationAccepted" duration-ms="59096" started-at="2015-05-06T09:42:21Z" description="Test: Validar formulario registracion fue valido." finished-at="2015-05-06T09:43:20Z">
          <exception class="org.openqa.selenium.UnhandledAlertException">
            <message>
              <![CDATA[Unexpected modal dialog (text: Ingrese un Teléfono Móvil válido (característica sin 0 y número sin 15).
): Ingrese un Teléfono Móvil válido (característica sin 0 y número sin 15).

Build info: version: '2.45.0', revision: '5017cb8e7ca8e37638dc3091b2440b90a1d8686f', time: '2015-02-27 09:10:26'
System info: host: 'Federico-CX-PC', ip: '192.168.91.1', os.name: 'Windows 8.1', os.arch: 'amd64', os.version: '6.3', java.version: '1.8.0_45'
Driver info: org.openqa.selenium.firefox.FirefoxDriver
Capabilities [{applicationCacheEnabled=true, rotatable=false, handlesAlerts=true, databaseEnabled=true, version=37.0.2, platform=WINDOWS, nativeEvents=false, acceptSslCerts=true, webStorageEnabled=true, locationContextEnabled=true, browserName=firefox, takesScreenshot=true, javascriptEnabled=true, cssSelectorsEnabled=true}]
Session ID: 3b55b844-8044-486f-8f0c-759072493a3f
*** Element info: {Using=tag name, value=body}]]>
            </message>
            <full-stacktrace>
              <![CDATA[org.openqa.selenium.UnhandledAlertException: Unexpected modal dialog (text: Ingrese un Teléfono Móvil válido (característica sin 0 y número sin 15).
): Ingrese un Teléfono Móvil válido (característica sin 0 y número sin 15).

Build info: version: '2.45.0', revision: '5017cb8e7ca8e37638dc3091b2440b90a1d8686f', time: '2015-02-27 09:10:26'
System info: host: 'Federico-CX-PC', ip: '192.168.91.1', os.name: 'Windows 8.1', os.arch: 'amd64', os.version: '6.3', java.version: '1.8.0_45'
Driver info: org.openqa.selenium.firefox.FirefoxDriver
Capabilities [{applicationCacheEnabled=true, rotatable=false, handlesAlerts=true, databaseEnabled=true, version=37.0.2, platform=WINDOWS, nativeEvents=false, acceptSslCerts=true, webStorageEnabled=true, locationContextEnabled=true, browserName=firefox, takesScreenshot=true, javascriptEnabled=true, cssSelectorsEnabled=true}]
Session ID: 3b55b844-8044-486f-8f0c-759072493a3f
*** Element info: {Using=tag name, value=body}
	at sun.reflect.NativeConstructorAccessorImpl.newInstance0(Native Method)
	at sun.reflect.NativeConstructorAccessorImpl.newInstance(Unknown Source)
	at sun.reflect.DelegatingConstructorAccessorImpl.newInstance(Unknown Source)
	at java.lang.reflect.Constructor.newInstance(Unknown Source)
	at org.openqa.selenium.remote.ErrorHandler.createThrowable(ErrorHandler.java:204)
	at org.openqa.selenium.remote.ErrorHandler.createUnhandledAlertException(ErrorHandler.java:185)
	at org.openqa.selenium.remote.ErrorHandler.throwIfResponseFailed(ErrorHandler.java:152)
	at org.openqa.selenium.remote.RemoteWebDriver.execute(RemoteWebDriver.java:599)
	at org.openqa.selenium.remote.RemoteWebDriver.findElement(RemoteWebDriver.java:352)
	at org.openqa.selenium.remote.RemoteWebDriver.findElementByTagName(RemoteWebDriver.java:417)
	at org.openqa.selenium.By$ByTagName.findElement(By.java:330)
	at org.openqa.selenium.remote.RemoteWebDriver.findElement(RemoteWebDriver.java:344)
	at federico_bechini.training.globant.com.tests.Tests.registrationAccepted(Tests.java:198)
	at sun.reflect.NativeMethodAccessorImpl.invoke0(Native Method)
	at sun.reflect.NativeMethodAccessorImpl.invoke(Unknown Source)
	at sun.reflect.DelegatingMethodAccessorImpl.invoke(Unknown Source)
	at java.lang.reflect.Method.invoke(Unknown Source)
	at org.testng.internal.MethodInvocationHelper.invokeMethod(MethodInvocationHelper.java:84)
	at org.testng.internal.Invoker.invokeMethod(Invoker.java:714)
	at org.testng.internal.Invoker.invokeTestMethod(Invoker.java:901)
	at org.testng.internal.Invoker.invokeTestMethods(Invoker.java:1231)
	at org.testng.internal.TestMethodWorker.invokeTestMethods(TestMethodWorker.java:127)
	at org.testng.internal.TestMethodWorker.run(TestMethodWorker.java:111)
	at org.testng.TestRunner.privateRun(TestRunner.java:767)
	at org.testng.TestRunner.run(TestRunner.java:617)
	at org.testng.SuiteRunner.runTest(SuiteRunner.java:334)
	at org.testng.SuiteRunner.runSequentially(SuiteRunner.java:329)
	at org.testng.SuiteRunner.privateRun(SuiteRunner.java:291)
	at org.testng.SuiteRunner.run(SuiteRunner.java:240)
	at org.testng.SuiteRunnerWorker.runSuite(SuiteRunnerWorker.java:52)
	at org.testng.SuiteRunnerWorker.run(SuiteRunnerWorker.java:86)
	at org.testng.TestNG.runSuitesSequentially(TestNG.java:1224)
	at org.testng.TestNG.runSuitesLocally(TestNG.java:1149)
	at org.testng.TestNG.run(TestNG.java:1057)
	at org.testng.remote.RemoteTestNG.run(RemoteTestNG.java:111)
	at org.testng.remote.RemoteTestNG.initAndRun(RemoteTestNG.java:204)
	at org.testng.remote.RemoteTestNG.main(RemoteTestNG.java:175)
]]>
            </full-stacktrace>
          </exception> <!-- org.openqa.selenium.UnhandledAlertException -->
          <reporter-output>
            <line>
              <![CDATA[<br>Entrado a mejorenvo.com]]>
            </line>
            <line>
              <![CDATA[<br>Entrado a la primera pelicula del home.]]>
            </line>
            <line>
              <![CDATA[<br>Entrado a la seccion resgistrar.]]>
            </line>
            <line>
              <![CDATA[<br>Completando datos del formulario.]]>
            </line>
            <line>
              <![CDATA[<br>Enviando el formulario para verificar la creacion de la cuenta.]]>
            </line>
            <line>
              <![CDATA[<br>Buscando el texto que nos informa que todo salio bien.]]>
            </line>
          </reporter-output>
        </test-method> <!-- registrationAccepted -->
        <test-method status="PASS" signature="after()[pri:0, instance:federico_bechini.training.globant.com.tests.Tests@ea4a92b]" name="after" is-config="true" duration-ms="914" started-at="2015-05-06T09:43:20Z" finished-at="2015-05-06T09:43:21Z">
          <reporter-output>
          </reporter-output>
        </test-method> <!-- after -->
        <test-method status="PASS" signature="before()[pri:0, instance:federico_bechini.training.globant.com.tests.Tests@ea4a92b]" name="before" is-config="true" duration-ms="5658" started-at="2015-05-06T09:43:21Z" finished-at="2015-05-06T09:43:26Z">
          <reporter-output>
          </reporter-output>
        </test-method> <!-- before -->
        <test-method status="PASS" signature="registrationFailed()[pri:0, instance:federico_bechini.training.globant.com.tests.Tests@ea4a92b]" name="registrationFailed" duration-ms="51918" started-at="2015-05-06T09:43:26Z" description="Test: Validar formularion registracion no fue valido" finished-at="2015-05-06T09:44:18Z">
          <reporter-output>
            <line>
              <![CDATA[<br>Entrado a mejorenvo.com]]>
            </line>
            <line>
              <![CDATA[<br>Entrado a la primera pelicula del home.]]>
            </line>
            <line>
              <![CDATA[<br>Entrado a la seccion resgistrar.]]>
            </line>
            <line>
              <![CDATA[<br>Completando solo un campo del formulario.]]>
            </line>
            <line>
              <![CDATA[<br>Enviando el formulario para verificar la creacion de la cuenta.]]>
            </line>
            <line>
              <![CDATA[<br>Alert was present]]>
            </line>
            <line>
              <![CDATA[<br>ALERT:La contraseña no puede ser vacia.
El nombre no puede ser vacio.
El apellido no puede ser vacio.
Elija un país.
]]>
            </line>
          </reporter-output>
        </test-method> <!-- registrationFailed -->
        <test-method status="PASS" signature="after()[pri:0, instance:federico_bechini.training.globant.com.tests.Tests@ea4a92b]" name="after" is-config="true" duration-ms="1015" started-at="2015-05-06T09:44:18Z" finished-at="2015-05-06T09:44:19Z">
          <reporter-output>
          </reporter-output>
        </test-method> <!-- after -->
        <test-method status="PASS" signature="before()[pri:0, instance:federico_bechini.training.globant.com.tests.Tests@ea4a92b]" name="before" is-config="true" duration-ms="5992" started-at="2015-05-06T09:44:19Z" finished-at="2015-05-06T09:44:25Z">
          <reporter-output>
          </reporter-output>
        </test-method> <!-- before -->
        <test-method status="PASS" signature="searchResults()[pri:0, instance:federico_bechini.training.globant.com.tests.Tests@ea4a92b]" name="searchResults" duration-ms="12409" started-at="2015-05-06T09:44:25Z" description="Mostrar la cantidad de resultados por consola (con 3 o mas letras)" finished-at="2015-05-06T09:44:38Z">
          <reporter-output>
            <line>
              <![CDATA[<br>Entrado a mejorenvo.com]]>
            </line>
            <line>
              <![CDATA[<br>Buscando una palabra en el buscador.]]>
            </line>
            <line>
              <![CDATA[<br>Buscando cantidad resultados.]]>
            </line>
            <line>
              <![CDATA[<br>La Cantidad de Resultados encontrados: 4]]>
            </line>
          </reporter-output>
        </test-method> <!-- searchResults -->
        <test-method status="PASS" signature="after()[pri:0, instance:federico_bechini.training.globant.com.tests.Tests@ea4a92b]" name="after" is-config="true" duration-ms="500" started-at="2015-05-06T09:44:38Z" finished-at="2015-05-06T09:44:38Z">
          <reporter-output>
          </reporter-output>
        </test-method> <!-- after -->
        <test-method status="PASS" signature="before()[pri:0, instance:federico_bechini.training.globant.com.tests.Tests@ea4a92b]" name="before" is-config="true" duration-ms="5838" started-at="2015-05-06T09:44:38Z" finished-at="2015-05-06T09:44:44Z">
          <reporter-output>
          </reporter-output>
        </test-method> <!-- before -->
        <test-method status="PASS" signature="validatePage()[pri:0, instance:federico_bechini.training.globant.com.tests.Tests@ea4a92b]" name="validatePage" duration-ms="7430" started-at="2015-05-06T09:44:44Z" description="Valida que la pagina sea la esperada en base a su titulo." finished-at="2015-05-06T09:44:51Z">
          <reporter-output>
            <line>
              <![CDATA[<br>Entrado a mejorenvo.com]]>
            </line>
            <line>
              <![CDATA[<br>Validando pagina por su titulo ...]]>
            </line>
          </reporter-output>
        </test-method> <!-- validatePage -->
        <test-method status="PASS" signature="after()[pri:0, instance:federico_bechini.training.globant.com.tests.Tests@ea4a92b]" name="after" is-config="true" duration-ms="277" started-at="2015-05-06T09:44:51Z" finished-at="2015-05-06T09:44:52Z">
          <reporter-output>
          </reporter-output>
        </test-method> <!-- after -->
      </class> <!-- federico_bechini.training.globant.com.tests.Tests -->
    </test> <!-- Default test -->
  </suite> <!-- Default suite -->
</testng-results>
