<?xml version="1.0" encoding="UTF-8"?>
<testng-results skipped="0" failed="0" total="1" passed="1">
  <reporter-output>
    <line>
      <![CDATA[<br>Entrado a mejorenvo.com]]>
    </line>
    <line>
      <![CDATA[<br>Entrado a la primera pelicula del home.]]>
    </line>
    <line>
      <![CDATA[<br>Entrado a la seccion resgistrar.]]>
    </line>
    <line>
      <![CDATA[<br>Completando datos del formulario.]]>
    </line>
    <line>
      <![CDATA[<br>Enviando el formulario para verificar la creacion de la cuenta.]]>
    </line>
    <line>
      <![CDATA[<br>Buscando el texto que nos informa que todo salio bien.]]>
    </line>
  </reporter-output>
  <suite name="Default suite" duration-ms="65337" started-at="2015-05-06T13:46:43Z" finished-at="2015-05-06T13:47:48Z">
    <groups>
    </groups>
    <test name="Default test" duration-ms="65337" started-at="2015-05-06T13:46:43Z" finished-at="2015-05-06T13:47:48Z">
      <class name="federico_bechini.training.globant.com.tests.Tests">
        <test-method status="PASS" signature="before()[pri:0, instance:federico_bechini.training.globant.com.tests.Tests@ea4a92b]" name="before" is-config="true" duration-ms="7445" started-at="2015-05-06T10:46:43Z" finished-at="2015-05-06T10:46:50Z">
          <reporter-output>
          </reporter-output>
        </test-method> <!-- before -->
        <test-method status="PASS" signature="registrationAccepted()[pri:0, instance:federico_bechini.training.globant.com.tests.Tests@ea4a92b]" name="registrationAccepted" duration-ms="57189" started-at="2015-05-06T10:46:50Z" description="Test: Validar formulario registracion fue valido." finished-at="2015-05-06T10:47:47Z">
          <reporter-output>
            <line>
              <![CDATA[<br>Entrado a mejorenvo.com]]>
            </line>
            <line>
              <![CDATA[<br>Entrado a la primera pelicula del home.]]>
            </line>
            <line>
              <![CDATA[<br>Entrado a la seccion resgistrar.]]>
            </line>
            <line>
              <![CDATA[<br>Completando datos del formulario.]]>
            </line>
            <line>
              <![CDATA[<br>Enviando el formulario para verificar la creacion de la cuenta.]]>
            </line>
            <line>
              <![CDATA[<br>Buscando el texto que nos informa que todo salio bien.]]>
            </line>
          </reporter-output>
        </test-method> <!-- registrationAccepted -->
        <test-method status="PASS" signature="after()[pri:0, instance:federico_bechini.training.globant.com.tests.Tests@ea4a92b]" name="after" is-config="true" duration-ms="672" started-at="2015-05-06T10:47:47Z" finished-at="2015-05-06T10:47:48Z">
          <reporter-output>
          </reporter-output>
        </test-method> <!-- after -->
      </class> <!-- federico_bechini.training.globant.com.tests.Tests -->
    </test> <!-- Default test -->
  </suite> <!-- Default suite -->
</testng-results>
